<?xml version="1.0" encoding="UTF-8"?>
<!-- Generated by org.testng.reporters.JUnitReportReporter -->
<testsuite hostname="LAPTOP-S009O8FF" failures="0" tests="1" name="sep15.Register_Demo" time="5.648" errors="0" timestamp="2023-09-15T16:15:25 IST" skipped="0">
  <testcase classname="sep15.Register_Demo" name="startTest" time="5.648"/>
</testsuite> <!-- sep15.Register_Demo -->
