<?xml version="1.0" encoding="UTF-8"?>
<!-- Generated by org.testng.reporters.JUnitReportReporter -->
<testsuite hostname="LAPTOP-S009O8FF" failures="0" tests="3" name="Sep11.FirstTestNGClass" time="5.789" errors="0" timestamp="2023-09-14T15:29:16 IST" skipped="0">
  <testcase classname="Sep11.FirstTestNGClass" name="users" time="3.989">
    <system-out>
      <![CDATA[Executing users Test]]>
    </system-out>
  </testcase> <!-- users -->
  <testcase classname="Sep11.FirstTestNGClass" name="role" time="0.885">
    <system-out>
      <![CDATA[Executing role Test]]>
    </system-out>
  </testcase> <!-- role -->
  <testcase classname="Sep11.FirstTestNGClass" name="branches" time="0.915">
    <system-out>
      <![CDATA[Executing Branches Test]]>
    </system-out>
  </testcase> <!-- branches -->
  <system-out>
    <![CDATA[Running Precondition
Running Postcondition
Running Precondition
Running precondition
Running Postcondition
Executing Branches Test
Executing role Test
Running Precondition
Running Postcondition
Executing users Test
Running Precondition
Running postcondition
Running Postcondition
Running Precondition
Running Postcondition
Running Precondition
Running Postcondition]]>
  </system-out>
</testsuite> <!-- Sep11.FirstTestNGClass -->
