<?xml version="1.0" encoding="UTF-8"?>
<!-- Generated by org.testng.reporters.JUnitReportReporter -->
<testsuite hostname="LAPTOP-S009O8FF" failures="0" tests="5" name="sep13.Using_Dataprovider" time="8.427" errors="0" timestamp="2023-09-14T16:00:18 IST" skipped="0">
  <testcase classname="sep13.Using_Dataprovider" name="validate_Login" time="1.243">
    <system-out>
      <![CDATA[Login fail::dashboard   http://orangehrm.qedgetech.com/symfony/web/index.php/auth/validateCredentials]]>
    </system-out>
  </testcase> <!-- validate_Login -->
  <testcase classname="sep13.Using_Dataprovider" name="validate_Login" time="1.111">
    <system-out>
      <![CDATA[Login fail::dashboard   http://orangehrm.qedgetech.com/symfony/web/index.php/auth/validateCredentials]]>
    </system-out>
  </testcase> <!-- validate_Login -->
  <testcase classname="sep13.Using_Dataprovider" name="validate_Login" time="1.251">
    <system-out>
      <![CDATA[Login fail::dashboard   http://orangehrm.qedgetech.com/symfony/web/index.php/auth/validateCredentials]]>
    </system-out>
  </testcase> <!-- validate_Login -->
  <testcase classname="sep13.Using_Dataprovider" name="validate_Login" time="0.727">
    <system-out>
      <![CDATA[Login fail::dashboard   http://orangehrm.qedgetech.com/symfony/web/index.php/auth/validateCredentials]]>
    </system-out>
  </testcase> <!-- validate_Login -->
  <testcase classname="sep13.Using_Dataprovider" name="validate_Login" time="4.095">
    <system-out>
      <![CDATA[Login fail::dashboard   http://orangehrm.qedgetech.com/symfony/web/index.php/auth/validateCredentials]]>
    </system-out>
  </testcase> <!-- validate_Login -->
  <system-out>
    <![CDATA[Login fail::dashboard   http://orangehrm.qedgetech.com/symfony/web/index.php/auth/validateCredentials
Login fail::dashboard   http://orangehrm.qedgetech.com/symfony/web/index.php/auth/validateCredentials
Login fail::dashboard   http://orangehrm.qedgetech.com/symfony/web/index.php/auth/validateCredentials
Login fail::dashboard   http://orangehrm.qedgetech.com/symfony/web/index.php/auth/validateCredentials
Login fail::dashboard   http://orangehrm.qedgetech.com/symfony/web/index.php/auth/validateCredentials]]>
  </system-out>
</testsuite> <!-- sep13.Using_Dataprovider -->
