<?xml version="1.0" encoding="UTF-8"?>
<!-- Generated by org.testng.reporters.JUnitReportReporter -->
<testsuite hostname="LAPTOP-S009O8FF" failures="0" tests="1" name="sep14.Demo" time="13.349" errors="0" timestamp="2023-09-14T21:39:29 IST" skipped="0">
  <testcase classname="sep14.Demo" name="startTest" time="13.349"/>
</testsuite> <!-- sep14.Demo -->
