<?xml version="1.0" encoding="UTF-8"?>
<!-- Generated by org.testng.reporters.JUnitReportReporter -->
<testsuite hostname="LAPTOP-S009O8FF" failures="0" tests="3" name="Sep11.ThirdtestNGClass" time="3.214" errors="0" timestamp="2023-09-14T15:29:16 IST" skipped="0">
  <testcase classname="Sep11.ThirdtestNGClass" name="cbanking" time="0.586"/>
  <testcase classname="Sep11.ThirdtestNGClass" name="ibanking" time="0.422"/>
  <testcase classname="Sep11.ThirdtestNGClass" name="pbanking" time="2.206"/>
  <system-out>
    <![CDATA[Running Precondition
Running Postcondition
Running Precondition
Running precondition
Running Postcondition
Executing Branches Test
Executing role Test
Running Precondition
Running Postcondition
Executing users Test
Running Precondition
Running postcondition
Running Postcondition
Running Precondition
Running Postcondition
Running Precondition
Running Postcondition]]>
  </system-out>
</testsuite> <!-- Sep11.ThirdtestNGClass -->
